<?xml version="1.0" encoding="UTF-8"?>
<!-- Generated by org.testng.reporters.JUnitXMLReporter -->
<testsuite ignored="0" hostname="piyush710" failures="3" tests="26" name="Surefire test" time="123.26" errors="0" timestamp="2026-07-05T23:48:05 IST">
  <testcase classname="api.test.DDTests" name="testPostUser" time="6.802"/>
  <testcase classname="api.test.DDTests" name="testPostUser" time="1.544"/>
  <testcase classname="api.test.DDTests" name="testPostUser" time="1.74"/>
  <testcase classname="api.test.DDTests" name="testPostUser" time="1.557"/>
  <testcase classname="api.test.DDTests" name="testPostUser" time="1.477"/>
  <testcase classname="api.test.DDTests" name="testDeleteuser" time="1.458"/>
  <testcase classname="api.test.DDTests" name="testDeleteuser" time="1.46"/>
  <testcase classname="api.test.DDTests" name="testDeleteuser" time="1.788"/>
  <testcase classname="api.test.DDTests" name="testDeleteuser" time="1.596"/>
  <testcase classname="api.test.DDTests" name="testDeleteuser" time="1.332"/>
  <testcase classname="api.test.UserTest" name="testPostUser" time="1.512"/>
  <testcase classname="api.test.UserTest" name="testGetUserbyName" time="1.567"/>
  <testcase classname="api.test.UserTest" name="testUpdateUserbyName" time="3.069"/>
  <testcase classname="api.test.UserTest" name="testDeleteUser" time="1.482"/>
  <testcase classname="localapi.LocalApiPostTest" name="postUserCreatesLocalResource" time="1.359"/>
  <testcase classname="org.example.RestAssuredSmokeTest" name="parsesJsonWithoutHittingNetwork" time="0.044"/>
  <testcase classname="qrverificationapi.AadhaarQrVerificationTest" name="TC_001_verifyValidAadhaarQrImage" time="18.06">
    <failure type="java.lang.AssertionError" message="1 expectation failed.
JSON path photo_available doesn&amp;apos;t match.
Expected: &amp;lt;true&amp;gt;
  Actual: &amp;lt;false&amp;gt;
">
      <![CDATA[java.lang.AssertionError: 1 expectation failed.
JSON path photo_available doesn't match.
Expected: <true>
  Actual: <false>

at org.codehaus.groovy.vmplugin.v8.IndyInterface.fromCache(IndyInterface.java:344)
at io.restassured.internal.ResponseSpecificationImpl$HamcrestAssertionClosure.validate(ResponseSpecificationImpl.groovy:516)
at org.codehaus.groovy.vmplugin.v8.IndyInterface.fromCache(IndyInterface.java:344)
at io.restassured.internal.ResponseSpecificationImpl.validateResponseIfRequired(ResponseSpecificationImpl.groovy:714)
at org.codehaus.groovy.vmplugin.v8.IndyInterface.fromCache(IndyInterface.java:344)
at io.restassured.internal.ResponseSpecificationImpl.body(ResponseSpecificationImpl.groovy:274)
at org.codehaus.groovy.vmplugin.v8.IndyInterface.selectMethod(IndyInterface.java:373)
at org.codehaus.groovy.vmplugin.v8.IndyInterface.fromCache(IndyInterface.java:344)
at io.restassured.internal.ResponseSpecificationImpl.body(ResponseSpecificationImpl.groovy:121)
at io.restassured.internal.ValidatableResponseOptionsImpl.body(ValidatableResponseOptionsImpl.java:244)
at qrverificationapi.AadhaarQrVerificationTest.TC_001_verifyValidAadhaarQrImage(AadhaarQrVerificationTest.java:56)
at java.base/java.util.ArrayList.forEach(ArrayList.java:1604)
... Removed 30 stack frames]]>
    </failure>
  </testcase> <!-- TC_001_verifyValidAadhaarQrImage -->
  <testcase classname="qrverificationapi.AadhaarQrVerificationTest" name="TC_002_verifyAadhaarLast4DigitsExtraction" time="14.543"/>
  <testcase classname="qrverificationapi.AadhaarQrVerificationTest" name="TC_003_verifyAddressMapping" time="13.695"/>
  <testcase classname="qrverificationapi.AadhaarQrVerificationTest" name="TC_004_verifyQrSignatureValidation" time="13.006"/>
  <testcase classname="qrverificationapi.AadhaarQrVerificationTest" name="TC_005_verifyPhotoAvailabilityFlag" time="13.61">
    <failure type="java.lang.AssertionError" message="1 expectation failed.
JSON path photo_available doesn&amp;apos;t match.
Expected: &amp;lt;true&amp;gt;
  Actual: &amp;lt;false&amp;gt;
">
      <![CDATA[java.lang.AssertionError: 1 expectation failed.
JSON path photo_available doesn't match.
Expected: <true>
  Actual: <false>

at org.codehaus.groovy.vmplugin.v8.IndyInterface.fromCache(IndyInterface.java:344)
at io.restassured.internal.ResponseSpecificationImpl$HamcrestAssertionClosure.validate(ResponseSpecificationImpl.groovy:516)
at org.codehaus.groovy.vmplugin.v8.IndyInterface.fromCache(IndyInterface.java:344)
at io.restassured.internal.ResponseSpecificationImpl.validateResponseIfRequired(ResponseSpecificationImpl.groovy:714)
at org.codehaus.groovy.vmplugin.v8.IndyInterface.fromCache(IndyInterface.java:344)
at io.restassured.internal.ResponseSpecificationImpl.body(ResponseSpecificationImpl.groovy:274)
at org.codehaus.groovy.vmplugin.v8.IndyInterface.fromCache(IndyInterface.java:344)
at io.restassured.internal.ResponseSpecificationImpl.body(ResponseSpecificationImpl.groovy:121)
at io.restassured.internal.ValidatableResponseOptionsImpl.body(ValidatableResponseOptionsImpl.java:244)
at qrverificationapi.AadhaarQrVerificationTest.TC_005_verifyPhotoAvailabilityFlag(AadhaarQrVerificationTest.java:114)
at java.base/java.util.ArrayList.forEach(ArrayList.java:1604)
... Removed 30 stack frames]]>
    </failure>
  </testcase> <!-- TC_005_verifyPhotoAvailabilityFlag -->
  <testcase classname="qrverificationapi.AadhaarQrVerificationTest" name="TC_006_verifyUnsupportedFileUpload" time="0.384"/>
  <testcase classname="qrverificationapi.AadhaarQrVerificationTest" name="TC_007_verifyMissingFileParameter" time="0.304"/>
  <testcase classname="qrverificationapi.AadhaarQrVerificationTest" name="TC_008_verifyInvalidQrImage" time="0.006">
    <skipped/>
  </testcase> <!-- TC_008_verifyInvalidQrImage -->
  <testcase classname="qrverificationapi.AadhaarQrVerificationTest" name="TC_009_verifyCorruptedAadhaarQrImage" time="0.294"/>
  <testcase classname="qrverificationapi.AadhaarQrVerificationTest" name="TC_010_verifyResponseSchemaConsistency" time="15.402">
    <failure type="java.lang.AssertionError" message="1 expectation failed.
Response body doesn&amp;apos;t match expectation.
Expected: The content to match the given JSON schema.
error: ECMA 262 regex &amp;quot;^X{6}\d{4}$&amp;quot; does not match input string &amp;quot;XXXXXXXX6761&amp;quot;
    level: &amp;quot;error&amp;quot;
    schema: {&amp;quot;loadingURI&amp;quot;:&amp;quot;file:/C:/Users/piyus/IdeaProjects/RestAssuredLearning/target/test-classes/qrverification/aadhaar-qr-verify-any-schema.json#&amp;quot;,&amp;quot;pointer&amp;quot;:&amp;quot;/properties/qr_data/properties/masked_aadhaar&amp;quot;}
    instance: {&amp;quot;pointer&amp;quot;:&amp;quot;/qr_data/masked_aadhaar&amp;quot;}
    domain: &amp;quot;validation&amp;quot;
    keyword: &amp;quot;pattern&amp;quot;
    regex: &amp;quot;^X{6}\\d{4}$&amp;quot;
    string: &amp;quot;XXXXXXXX6761&amp;quot;

  Actual: {&amp;quot;success&amp;quot;:true,&amp;quot;verification_status&amp;quot;:&amp;quot;verified&amp;quot;,&amp;quot;verification_type&amp;quot;:&amp;quot;aadhaar_any&amp;quot;,&amp;quot;name&amp;quot;:&amp;quot;Piyush Kumar&amp;quot;,&amp;quot;gender&amp;quot;:&amp;quot;Male&amp;quot;,&amp;quot;dob&amp;quot;:&amp;quot;2003-09-12&amp;quot;,&amp;quot;care_of&amp;quot;:&amp;quot;C/O: Shambhu Kumar Singh&amp;quot;,&amp;quot;aadhaar_last4&amp;quot;:&amp;quot;6761&amp;quot;,&amp;quot;reference_id&amp;quot;:&amp;quot;XXXXXXXX6761&amp;quot;,&amp;quot;photo_available&amp;quot;:false,&amp;quot;address&amp;quot;:{&amp;quot;house&amp;quot;:&amp;quot;&amp;quot;,&amp;quot;street&amp;quot;:&amp;quot;&amp;quot;,&amp;quot;landmark&amp;quot;:&amp;quot;village rasalpur near mahadev mandir, ward no. 03&amp;quot;,&amp;quot;location&amp;quot;:&amp;quot;thana chakand&amp;quot;,&amp;quot;vtc&amp;quot;:&amp;quot;Rasalpur&amp;quot;,&amp;quot;district&amp;quot;:&amp;quot;Gaya&amp;quot;,&amp;quot;sub_district&amp;quot;:&amp;quot;Gaya&amp;quot;,&amp;quot;state&amp;quot;:&amp;quot;Bihar&amp;quot;,&amp;quot;pin_code&amp;quot;:&amp;quot;823003&amp;quot;,&amp;quot;post_office&amp;quot;:&amp;quot;Buniyad Ganj&amp;quot;},&amp;quot;qr_data&amp;quot;:{&amp;quot;reference_id&amp;quot;:&amp;quot;676120250312171555049&amp;quot;,&amp;quot;version&amp;quot;:&amp;quot;V4&amp;quot;,&amp;quot;email_mobile_indicator&amp;quot;:&amp;quot;3&amp;quot;,&amp;quot;name&amp;quot;:&amp;quot;Piyush Kumar&amp;quot;,&amp;quot;dob&amp;quot;:&amp;quot;2003-09-12&amp;quot;,&amp;quot;gender&amp;quot;:&amp;quot;Male&amp;quot;,&amp;quot;care_of&amp;quot;:&amp;quot;C/O: Shambhu Kumar Singh&amp;quot;,&amp;quot;district&amp;quot;:&amp;quot;Gaya&amp;quot;,&amp;quot;landmark&amp;quot;:&amp;quot;village rasalpur near mahadev mandir, ward no. 03&amp;quot;,&amp;quot;house&amp;quot;:&amp;quot;&amp;quot;,&amp;quot;location&amp;quot;:&amp;quot;thana chakand&amp;quot;,&amp;quot;pin_code&amp;quot;:&amp;quot;823003&amp;quot;,&amp;quot;post_office&amp;quot;:&amp;quot;Buniyad Ganj&amp;quot;,&amp;quot;state&amp;quot;:&amp;quot;Bihar&amp;quot;,&amp;quot;street&amp;quot;:&amp;quot;&amp;quot;,&amp;quot;sub_district&amp;quot;:&amp;quot;Gaya&amp;quot;,&amp;quot;vtc&amp;quot;:&amp;quot;Rasalpur&amp;quot;,&amp;quot;masked_aadhaar&amp;quot;:&amp;quot;XXXXXXXX6761&amp;quot;},&amp;quot;metadata&amp;quot;:{&amp;quot;trust_level&amp;quot;:&amp;quot;cryptographic_qr&amp;quot;,&amp;quot;qr_format&amp;quot;:&amp;quot;uidai_secure_qr&amp;quot;,&amp;quot;signature_verified&amp;quot;:true,&amp;quot;signature_verification_available&amp;quot;:true,&amp;quot;pdf_signature_present&amp;quot;:false,&amp;quot;pdf_signature_verified&amp;quot;:false,&amp;quot;pdf_signature_summary&amp;quot;:&amp;quot;&amp;quot;,&amp;quot;ocr_used&amp;quot;:false,&amp;quot;ocr_available&amp;quot;:true}}
">
      <![CDATA[java.lang.AssertionError: 1 expectation failed.
Response body doesn't match expectation.
Expected: The content to match the given JSON schema.
error: ECMA 262 regex "^X{6}\d{4}$" does not match input string "XXXXXXXX6761"
    level: "error"
    schema: {"loadingURI":"file:/C:/Users/piyus/IdeaProjects/RestAssuredLearning/target/test-classes/qrverification/aadhaar-qr-verify-any-schema.json#","pointer":"/properties/qr_data/properties/masked_aadhaar"}
    instance: {"pointer":"/qr_data/masked_aadhaar"}
    domain: "validation"
    keyword: "pattern"
    regex: "^X{6}\\d{4}$"
    string: "XXXXXXXX6761"

  Actual: {"success":true,"verification_status":"verified","verification_type":"aadhaar_any","name":"Piyush Kumar","gender":"Male","dob":"2003-09-12","care_of":"C/O: Shambhu Kumar Singh","aadhaar_last4":"6761","reference_id":"XXXXXXXX6761","photo_available":false,"address":{"house":"","street":"","landmark":"village rasalpur near mahadev mandir, ward no. 03","location":"thana chakand","vtc":"Rasalpur","district":"Gaya","sub_district":"Gaya","state":"Bihar","pin_code":"823003","post_office":"Buniyad Ganj"},"qr_data":{"reference_id":"676120250312171555049","version":"V4","email_mobile_indicator":"3","name":"Piyush Kumar","dob":"2003-09-12","gender":"Male","care_of":"C/O: Shambhu Kumar Singh","district":"Gaya","landmark":"village rasalpur near mahadev mandir, ward no. 03","house":"","location":"thana chakand","pin_code":"823003","post_office":"Buniyad Ganj","state":"Bihar","street":"","sub_district":"Gaya","vtc":"Rasalpur","masked_aadhaar":"XXXXXXXX6761"},"metadata":{"trust_level":"cryptographic_qr","qr_format":"uidai_secure_qr","signature_verified":true,"signature_verification_available":true,"pdf_signature_present":false,"pdf_signature_verified":false,"pdf_signature_summary":"","ocr_used":false,"ocr_available":true}}

at org.codehaus.groovy.vmplugin.v8.IndyInterface.fromCache(IndyInterface.java:344)
at io.restassured.internal.ResponseSpecificationImpl$HamcrestAssertionClosure.validate(ResponseSpecificationImpl.groovy:516)
at org.codehaus.groovy.vmplugin.v8.IndyInterface.fromCache(IndyInterface.java:344)
at io.restassured.internal.ResponseSpecificationImpl.validateResponseIfRequired(ResponseSpecificationImpl.groovy:714)
at org.codehaus.groovy.vmplugin.v8.IndyInterface.fromCache(IndyInterface.java:344)
at io.restassured.internal.ResponseSpecificationImpl.body(ResponseSpecificationImpl.groovy:111)
at io.restassured.internal.ValidatableResponseOptionsImpl.body(ValidatableResponseOptionsImpl.java:238)
at qrverificationapi.AadhaarQrVerificationTest.TC_010_verifyResponseSchemaConsistency(AadhaarQrVerificationTest.java:162)
at java.base/java.util.ArrayList.forEach(ArrayList.java:1604)
... Removed 30 stack frames]]>
    </failure>
  </testcase> <!-- TC_010_verifyResponseSchemaConsistency -->
</testsuite> <!-- Surefire test -->
