<?xml version="1.0" encoding="UTF-8"?>
<!-- Generated by org.testng.reporters.JUnitReportReporter -->
<testsuite hostname="piyush710" failures="3" tests="10" name="qrverificationapi.AadhaarQrVerificationTest" time="89.304" errors="0" timestamp="2026-07-05T23:48:06 IST" skipped="1">
  <testcase classname="qrverificationapi.AadhaarQrVerificationTest" name="TC_007_verifyMissingFileParameter" time="0.304"/>
  <testcase classname="qrverificationapi.AadhaarQrVerificationTest" name="TC_010_verifyResponseSchemaConsistency" time="15.402">
    <failure message="1 expectation failed.
Response body doesn&#039;t match expectation.
Expected: The content to match the given JSON schema.
error: ECMA 262 regex &quot;^X{6}\d{4}$&quot; does not match input string &quot;XXXXXXXX6761&quot;
    level: &quot;error&quot;
    schema: {&quot;loadingURI&quot;:&quot;file:/C:/Users/piyus/IdeaProjects/RestAssuredLearning/target/test-classes/qrverification/aadhaar-qr-verify-any-schema.json#&quot;,&quot;pointer&quot;:&quot;/properties/qr_data/properties/masked_aadhaar&quot;}
    instance: {&quot;pointer&quot;:&quot;/qr_data/masked_aadhaar&quot;}
    domain: &quot;validation&quot;
    keyword: &quot;pattern&quot;
    regex: &quot;^X{6}\\d{4}$&quot;
    string: &quot;XXXXXXXX6761&quot;

  Actual: {&quot;success&quot;:true,&quot;verification_status&quot;:&quot;verified&quot;,&quot;verification_type&quot;:&quot;aadhaar_any&quot;,&quot;name&quot;:&quot;Piyush Kumar&quot;,&quot;gender&quot;:&quot;Male&quot;,&quot;dob&quot;:&quot;2003-09-12&quot;,&quot;care_of&quot;:&quot;C/O: Shambhu Kumar Singh&quot;,&quot;aadhaar_last4&quot;:&quot;6761&quot;,&quot;reference_id&quot;:&quot;XXXXXXXX6761&quot;,&quot;photo_available&quot;:false,&quot;address&quot;:{&quot;house&quot;:&quot;&quot;,&quot;street&quot;:&quot;&quot;,&quot;landmark&quot;:&quot;village rasalpur near mahadev mandir, ward no. 03&quot;,&quot;location&quot;:&quot;thana chakand&quot;,&quot;vtc&quot;:&quot;Rasalpur&quot;,&quot;district&quot;:&quot;Gaya&quot;,&quot;sub_district&quot;:&quot;Gaya&quot;,&quot;state&quot;:&quot;Bihar&quot;,&quot;pin_code&quot;:&quot;823003&quot;,&quot;post_office&quot;:&quot;Buniyad Ganj&quot;},&quot;qr_data&quot;:{&quot;reference_id&quot;:&quot;676120250312171555049&quot;,&quot;version&quot;:&quot;V4&quot;,&quot;email_mobile_indicator&quot;:&quot;3&quot;,&quot;name&quot;:&quot;Piyush Kumar&quot;,&quot;dob&quot;:&quot;2003-09-12&quot;,&quot;gender&quot;:&quot;Male&quot;,&quot;care_of&quot;:&quot;C/O: Shambhu Kumar Singh&quot;,&quot;district&quot;:&quot;Gaya&quot;,&quot;landmark&quot;:&quot;village rasalpur near mahadev mandir, ward no. 03&quot;,&quot;house&quot;:&quot;&quot;,&quot;location&quot;:&quot;thana chakand&quot;,&quot;pin_code&quot;:&quot;823003&quot;,&quot;post_office&quot;:&quot;Buniyad Ganj&quot;,&quot;state&quot;:&quot;Bihar&quot;,&quot;street&quot;:&quot;&quot;,&quot;sub_district&quot;:&quot;Gaya&quot;,&quot;vtc&quot;:&quot;Rasalpur&quot;,&quot;masked_aadhaar&quot;:&quot;XXXXXXXX6761&quot;},&quot;metadata&quot;:{&quot;trust_level&quot;:&quot;cryptographic_qr&quot;,&quot;qr_format&quot;:&quot;uidai_secure_qr&quot;,&quot;signature_verified&quot;:true,&quot;signature_verification_available&quot;:true,&quot;pdf_signature_present&quot;:false,&quot;pdf_signature_verified&quot;:false,&quot;pdf_signature_summary&quot;:&quot;&quot;,&quot;ocr_used&quot;:false,&quot;ocr_available&quot;:true}}
" type="java.lang.AssertionError">
      <![CDATA[java.lang.AssertionError: 1 expectation failed.
Response body doesn't match expectation.
Expected: The content to match the given JSON schema.
error: ECMA 262 regex "^X{6}\d{4}$" does not match input string "XXXXXXXX6761"
    level: "error"
    schema: {"loadingURI":"file:/C:/Users/piyus/IdeaProjects/RestAssuredLearning/target/test-classes/qrverification/aadhaar-qr-verify-any-schema.json#","pointer":"/properties/qr_data/properties/masked_aadhaar"}
    instance: {"pointer":"/qr_data/masked_aadhaar"}
    domain: "validation"
    keyword: "pattern"
    regex: "^X{6}\\d{4}$"
    string: "XXXXXXXX6761"

  Actual: {"success":true,"verification_status":"verified","verification_type":"aadhaar_any","name":"Piyush Kumar","gender":"Male","dob":"2003-09-12","care_of":"C/O: Shambhu Kumar Singh","aadhaar_last4":"6761","reference_id":"XXXXXXXX6761","photo_available":false,"address":{"house":"","street":"","landmark":"village rasalpur near mahadev mandir, ward no. 03","location":"thana chakand","vtc":"Rasalpur","district":"Gaya","sub_district":"Gaya","state":"Bihar","pin_code":"823003","post_office":"Buniyad Ganj"},"qr_data":{"reference_id":"676120250312171555049","version":"V4","email_mobile_indicator":"3","name":"Piyush Kumar","dob":"2003-09-12","gender":"Male","care_of":"C/O: Shambhu Kumar Singh","district":"Gaya","landmark":"village rasalpur near mahadev mandir, ward no. 03","house":"","location":"thana chakand","pin_code":"823003","post_office":"Buniyad Ganj","state":"Bihar","street":"","sub_district":"Gaya","vtc":"Rasalpur","masked_aadhaar":"XXXXXXXX6761"},"metadata":{"trust_level":"cryptographic_qr","qr_format":"uidai_secure_qr","signature_verified":true,"signature_verification_available":true,"pdf_signature_present":false,"pdf_signature_verified":false,"pdf_signature_summary":"","ocr_used":false,"ocr_available":true}}

at org.codehaus.groovy.vmplugin.v8.IndyInterface.fromCache(IndyInterface.java:344)
at io.restassured.internal.ResponseSpecificationImpl$HamcrestAssertionClosure.validate(ResponseSpecificationImpl.groovy:516)
at org.codehaus.groovy.vmplugin.v8.IndyInterface.fromCache(IndyInterface.java:344)
at io.restassured.internal.ResponseSpecificationImpl.validateResponseIfRequired(ResponseSpecificationImpl.groovy:714)
at org.codehaus.groovy.vmplugin.v8.IndyInterface.fromCache(IndyInterface.java:344)
at io.restassured.internal.ResponseSpecificationImpl.body(ResponseSpecificationImpl.groovy:111)
at io.restassured.internal.ValidatableResponseOptionsImpl.body(ValidatableResponseOptionsImpl.java:238)
at qrverificationapi.AadhaarQrVerificationTest.TC_010_verifyResponseSchemaConsistency(AadhaarQrVerificationTest.java:162)
at java.base/jdk.internal.reflect.DirectMethodHandleAccessor.invoke(DirectMethodHandleAccessor.java:104)
at java.base/java.lang.reflect.Method.invoke(Method.java:565)
at org.testng.internal.invokers.MethodInvocationHelper.invokeMethod(MethodInvocationHelper.java:141)
at org.testng.internal.invokers.TestInvoker.invokeMethod(TestInvoker.java:697)
at org.testng.internal.invokers.TestInvoker.invokeTestMethod(TestInvoker.java:230)
at org.testng.internal.invokers.MethodRunner.runInSequence(MethodRunner.java:63)
at org.testng.internal.invokers.TestInvoker$MethodInvocationAgent.invoke(TestInvoker.java:1005)
at org.testng.internal.invokers.TestInvoker.invokeTestMethods(TestInvoker.java:203)
at org.testng.internal.invokers.TestMethodWorker.invokeTestMethods(TestMethodWorker.java:154)
at org.testng.internal.invokers.TestMethodWorker.run(TestMethodWorker.java:134)
at java.base/java.util.ArrayList.forEach(ArrayList.java:1604)
at org.testng.TestRunner.privateRun(TestRunner.java:744)
at org.testng.TestRunner.run(TestRunner.java:616)
at org.testng.SuiteRunner.runTest(SuiteRunner.java:421)
at org.testng.SuiteRunner.runSequentially(SuiteRunner.java:413)
at org.testng.SuiteRunner.privateRun(SuiteRunner.java:373)
at org.testng.SuiteRunner.run(SuiteRunner.java:312)
at org.testng.SuiteRunnerWorker.runSuite(SuiteRunnerWorker.java:52)
at org.testng.SuiteRunnerWorker.run(SuiteRunnerWorker.java:95)
at org.testng.TestNG.runSuitesSequentially(TestNG.java:1274)
at org.testng.TestNG.runSuitesLocally(TestNG.java:1208)
at org.testng.TestNG.runSuites(TestNG.java:1112)
at org.testng.TestNG.run(TestNG.java:1079)
at org.apache.maven.surefire.testng.TestNGExecutor.run(TestNGExecutor.java:155)
at org.apache.maven.surefire.testng.TestNGDirectoryTestSuite.executeMulti(TestNGDirectoryTestSuite.java:169)
at org.apache.maven.surefire.testng.TestNGDirectoryTestSuite.execute(TestNGDirectoryTestSuite.java:88)
at org.apache.maven.surefire.testng.TestNGProvider.invoke(TestNGProvider.java:137)
at org.apache.maven.surefire.booter.ForkedBooter.runSuitesInProcess(ForkedBooter.java:385)
at org.apache.maven.surefire.booter.ForkedBooter.execute(ForkedBooter.java:162)
at org.apache.maven.surefire.booter.ForkedBooter.run(ForkedBooter.java:507)
at org.apache.maven.surefire.booter.ForkedBooter.main(ForkedBooter.java:495)
]]>
    </failure>
  </testcase> <!-- TC_010_verifyResponseSchemaConsistency -->
  <testcase classname="qrverificationapi.AadhaarQrVerificationTest" name="TC_008_verifyInvalidQrImage" time="0.006">
    <skipped/>
  </testcase> <!-- TC_008_verifyInvalidQrImage -->
  <testcase classname="qrverificationapi.AadhaarQrVerificationTest" name="TC_005_verifyPhotoAvailabilityFlag" time="13.610">
    <failure message="1 expectation failed.
JSON path photo_available doesn&#039;t match.
Expected: &lt;true&gt;
  Actual: &lt;false&gt;
" type="java.lang.AssertionError">
      <![CDATA[java.lang.AssertionError: 1 expectation failed.
JSON path photo_available doesn't match.
Expected: <true>
  Actual: <false>

at org.codehaus.groovy.vmplugin.v8.IndyInterface.fromCache(IndyInterface.java:344)
at io.restassured.internal.ResponseSpecificationImpl$HamcrestAssertionClosure.validate(ResponseSpecificationImpl.groovy:516)
at org.codehaus.groovy.vmplugin.v8.IndyInterface.fromCache(IndyInterface.java:344)
at io.restassured.internal.ResponseSpecificationImpl.validateResponseIfRequired(ResponseSpecificationImpl.groovy:714)
at org.codehaus.groovy.vmplugin.v8.IndyInterface.fromCache(IndyInterface.java:344)
at io.restassured.internal.ResponseSpecificationImpl.body(ResponseSpecificationImpl.groovy:274)
at org.codehaus.groovy.vmplugin.v8.IndyInterface.fromCache(IndyInterface.java:344)
at io.restassured.internal.ResponseSpecificationImpl.body(ResponseSpecificationImpl.groovy:121)
at io.restassured.internal.ValidatableResponseOptionsImpl.body(ValidatableResponseOptionsImpl.java:244)
at qrverificationapi.AadhaarQrVerificationTest.TC_005_verifyPhotoAvailabilityFlag(AadhaarQrVerificationTest.java:114)
at java.base/jdk.internal.reflect.DirectMethodHandleAccessor.invoke(DirectMethodHandleAccessor.java:104)
at java.base/java.lang.reflect.Method.invoke(Method.java:565)
at org.testng.internal.invokers.MethodInvocationHelper.invokeMethod(MethodInvocationHelper.java:141)
at org.testng.internal.invokers.TestInvoker.invokeMethod(TestInvoker.java:697)
at org.testng.internal.invokers.TestInvoker.invokeTestMethod(TestInvoker.java:230)
at org.testng.internal.invokers.MethodRunner.runInSequence(MethodRunner.java:63)
at org.testng.internal.invokers.TestInvoker$MethodInvocationAgent.invoke(TestInvoker.java:1005)
at org.testng.internal.invokers.TestInvoker.invokeTestMethods(TestInvoker.java:203)
at org.testng.internal.invokers.TestMethodWorker.invokeTestMethods(TestMethodWorker.java:154)
at org.testng.internal.invokers.TestMethodWorker.run(TestMethodWorker.java:134)
at java.base/java.util.ArrayList.forEach(ArrayList.java:1604)
at org.testng.TestRunner.privateRun(TestRunner.java:744)
at org.testng.TestRunner.run(TestRunner.java:616)
at org.testng.SuiteRunner.runTest(SuiteRunner.java:421)
at org.testng.SuiteRunner.runSequentially(SuiteRunner.java:413)
at org.testng.SuiteRunner.privateRun(SuiteRunner.java:373)
at org.testng.SuiteRunner.run(SuiteRunner.java:312)
at org.testng.SuiteRunnerWorker.runSuite(SuiteRunnerWorker.java:52)
at org.testng.SuiteRunnerWorker.run(SuiteRunnerWorker.java:95)
at org.testng.TestNG.runSuitesSequentially(TestNG.java:1274)
at org.testng.TestNG.runSuitesLocally(TestNG.java:1208)
at org.testng.TestNG.runSuites(TestNG.java:1112)
at org.testng.TestNG.run(TestNG.java:1079)
at org.apache.maven.surefire.testng.TestNGExecutor.run(TestNGExecutor.java:155)
at org.apache.maven.surefire.testng.TestNGDirectoryTestSuite.executeMulti(TestNGDirectoryTestSuite.java:169)
at org.apache.maven.surefire.testng.TestNGDirectoryTestSuite.execute(TestNGDirectoryTestSuite.java:88)
at org.apache.maven.surefire.testng.TestNGProvider.invoke(TestNGProvider.java:137)
at org.apache.maven.surefire.booter.ForkedBooter.runSuitesInProcess(ForkedBooter.java:385)
at org.apache.maven.surefire.booter.ForkedBooter.execute(ForkedBooter.java:162)
at org.apache.maven.surefire.booter.ForkedBooter.run(ForkedBooter.java:507)
at org.apache.maven.surefire.booter.ForkedBooter.main(ForkedBooter.java:495)
]]>
    </failure>
  </testcase> <!-- TC_005_verifyPhotoAvailabilityFlag -->
  <testcase classname="qrverificationapi.AadhaarQrVerificationTest" name="TC_004_verifyQrSignatureValidation" time="13.006"/>
  <testcase classname="qrverificationapi.AadhaarQrVerificationTest" name="TC_001_verifyValidAadhaarQrImage" time="18.060">
    <failure message="1 expectation failed.
JSON path photo_available doesn&#039;t match.
Expected: &lt;true&gt;
  Actual: &lt;false&gt;
" type="java.lang.AssertionError">
      <![CDATA[java.lang.AssertionError: 1 expectation failed.
JSON path photo_available doesn't match.
Expected: <true>
  Actual: <false>

at org.codehaus.groovy.vmplugin.v8.IndyInterface.fromCache(IndyInterface.java:344)
at io.restassured.internal.ResponseSpecificationImpl$HamcrestAssertionClosure.validate(ResponseSpecificationImpl.groovy:516)
at org.codehaus.groovy.vmplugin.v8.IndyInterface.fromCache(IndyInterface.java:344)
at io.restassured.internal.ResponseSpecificationImpl.validateResponseIfRequired(ResponseSpecificationImpl.groovy:714)
at org.codehaus.groovy.vmplugin.v8.IndyInterface.fromCache(IndyInterface.java:344)
at io.restassured.internal.ResponseSpecificationImpl.body(ResponseSpecificationImpl.groovy:274)
at org.codehaus.groovy.vmplugin.v8.IndyInterface.selectMethod(IndyInterface.java:373)
at org.codehaus.groovy.vmplugin.v8.IndyInterface.fromCache(IndyInterface.java:344)
at io.restassured.internal.ResponseSpecificationImpl.body(ResponseSpecificationImpl.groovy:121)
at io.restassured.internal.ValidatableResponseOptionsImpl.body(ValidatableResponseOptionsImpl.java:244)
at qrverificationapi.AadhaarQrVerificationTest.TC_001_verifyValidAadhaarQrImage(AadhaarQrVerificationTest.java:56)
at java.base/jdk.internal.reflect.DirectMethodHandleAccessor.invoke(DirectMethodHandleAccessor.java:104)
at java.base/java.lang.reflect.Method.invoke(Method.java:565)
at org.testng.internal.invokers.MethodInvocationHelper.invokeMethod(MethodInvocationHelper.java:141)
at org.testng.internal.invokers.TestInvoker.invokeMethod(TestInvoker.java:697)
at org.testng.internal.invokers.TestInvoker.invokeTestMethod(TestInvoker.java:230)
at org.testng.internal.invokers.MethodRunner.runInSequence(MethodRunner.java:63)
at org.testng.internal.invokers.TestInvoker$MethodInvocationAgent.invoke(TestInvoker.java:1005)
at org.testng.internal.invokers.TestInvoker.invokeTestMethods(TestInvoker.java:203)
at org.testng.internal.invokers.TestMethodWorker.invokeTestMethods(TestMethodWorker.java:154)
at org.testng.internal.invokers.TestMethodWorker.run(TestMethodWorker.java:134)
at java.base/java.util.ArrayList.forEach(ArrayList.java:1604)
at org.testng.TestRunner.privateRun(TestRunner.java:744)
at org.testng.TestRunner.run(TestRunner.java:616)
at org.testng.SuiteRunner.runTest(SuiteRunner.java:421)
at org.testng.SuiteRunner.runSequentially(SuiteRunner.java:413)
at org.testng.SuiteRunner.privateRun(SuiteRunner.java:373)
at org.testng.SuiteRunner.run(SuiteRunner.java:312)
at org.testng.SuiteRunnerWorker.runSuite(SuiteRunnerWorker.java:52)
at org.testng.SuiteRunnerWorker.run(SuiteRunnerWorker.java:95)
at org.testng.TestNG.runSuitesSequentially(TestNG.java:1274)
at org.testng.TestNG.runSuitesLocally(TestNG.java:1208)
at org.testng.TestNG.runSuites(TestNG.java:1112)
at org.testng.TestNG.run(TestNG.java:1079)
at org.apache.maven.surefire.testng.TestNGExecutor.run(TestNGExecutor.java:155)
at org.apache.maven.surefire.testng.TestNGDirectoryTestSuite.executeMulti(TestNGDirectoryTestSuite.java:169)
at org.apache.maven.surefire.testng.TestNGDirectoryTestSuite.execute(TestNGDirectoryTestSuite.java:88)
at org.apache.maven.surefire.testng.TestNGProvider.invoke(TestNGProvider.java:137)
at org.apache.maven.surefire.booter.ForkedBooter.runSuitesInProcess(ForkedBooter.java:385)
at org.apache.maven.surefire.booter.ForkedBooter.execute(ForkedBooter.java:162)
at org.apache.maven.surefire.booter.ForkedBooter.run(ForkedBooter.java:507)
at org.apache.maven.surefire.booter.ForkedBooter.main(ForkedBooter.java:495)
]]>
    </failure>
  </testcase> <!-- TC_001_verifyValidAadhaarQrImage -->
  <testcase classname="qrverificationapi.AadhaarQrVerificationTest" name="TC_006_verifyUnsupportedFileUpload" time="0.384"/>
  <testcase classname="qrverificationapi.AadhaarQrVerificationTest" name="TC_002_verifyAadhaarLast4DigitsExtraction" time="14.543"/>
  <testcase classname="qrverificationapi.AadhaarQrVerificationTest" name="TC_003_verifyAddressMapping" time="13.695"/>
  <testcase classname="qrverificationapi.AadhaarQrVerificationTest" name="TC_009_verifyCorruptedAadhaarQrImage" time="0.294"/>
</testsuite> <!-- qrverificationapi.AadhaarQrVerificationTest -->
